Flow report for bcd2
Thu Oct 12 14:40:30 2017
Quartus II 32-bit Version 13.0.1 Build 232 06/12/2013 Service Pack 1 SJ Web Edition


---------------------
; Table of Contents ;
---------------------
  1. Legal Notice
  2. Flow Summary
  3. Flow Settings
  4. Flow Non-Default Global Settings
  5. Flow Elapsed Time
  6. Flow OS Summary
  7. Flow Log
  8. Flow Messages
  9. Flow Suppressed Messages



----------------
; Legal Notice ;
----------------
Copyright (C) 1991-2013 Altera Corporation
Your use of Altera Corporation's design tools, logic functions 
and other software and tools, and its AMPP partner logic 
functions, and any output files from any of the foregoing 
(including device programming or simulation files), and any 
associated documentation or information are expressly subject 
to the terms and conditions of the Altera Program License 
Subscription Agreement, Altera MegaCore Function License 
Agreement, or other applicable license agreement, including, 
without limitation, that your use is for the sole purpose of 
programming logic devices manufactured by Altera and sold by 
Altera or its authorized distributors.  Please refer to the 
applicable agreement for further details.



+--------------------------------------------------------------------------------------+
; Flow Summary                                                                         ;
+------------------------------------+-------------------------------------------------+
; Flow Status                        ; Successful - Thu Oct 12 14:40:23 2017           ;
; Quartus II 32-bit Version          ; 13.0.1 Build 232 06/12/2013 SP 1 SJ Web Edition ;
; Revision Name                      ; bcd2                                            ;
; Top-level Entity Name              ; bcd2                                            ;
; Family                             ; Cyclone IV E                                    ;
; Device                             ; EP4CE115F29C7                                   ;
; Timing Models                      ; Final                                           ;
; Total logic elements               ; 10 / 114,480 ( < 1 % )                          ;
;     Total combinational functions  ; 10 / 114,480 ( < 1 % )                          ;
;     Dedicated logic registers      ; 8 / 114,480 ( < 1 % )                           ;
; Total registers                    ; 8                                               ;
; Total pins                         ; 11 / 529 ( 2 % )                                ;
; Total virtual pins                 ; 0                                               ;
; Total memory bits                  ; 0 / 3,981,312 ( 0 % )                           ;
; Embedded Multiplier 9-bit elements ; 0 / 532 ( 0 % )                                 ;
; Total PLLs                         ; 0 / 4 ( 0 % )                                   ;
+------------------------------------+-------------------------------------------------+


+-----------------------------------------+
; Flow Settings                           ;
+-------------------+---------------------+
; Option            ; Setting             ;
+-------------------+---------------------+
; Start date & time ; 10/12/2017 14:39:46 ;
; Main task         ; Compilation         ;
; Revision Name     ; bcd2                ;
+-------------------+---------------------+


+------------------------------------------------------------------------------------------------------------------+
; Flow Non-Default Global Settings                                                                                 ;
+-------------------------------------+---------------------------------+---------------+-------------+------------+
; Assignment Name                     ; Value                           ; Default Value ; Entity Name ; Section Id ;
+-------------------------------------+---------------------------------+---------------+-------------+------------+
; COMPILER_SIGNATURE_ID               ; 154522815431597.150778678609888 ; --            ; --          ; --         ;
; OPTIMIZE_HOLD_TIMING                ; IO Paths and Minimum TPD Paths  ; All Paths     ; --          ; --         ;
; OPTIMIZE_MULTI_CORNER_TIMING        ; Off                             ; On            ; --          ; --         ;
; PARTITION_COLOR                     ; 16764057                        ; --            ; --          ; Top        ;
; PARTITION_FITTER_PRESERVATION_LEVEL ; PLACEMENT_AND_ROUTING           ; --            ; --          ; Top        ;
; PARTITION_NETLIST_TYPE              ; SOURCE                          ; --            ; --          ; Top        ;
+-------------------------------------+---------------------------------+---------------+-------------+------------+


+-------------------------------------------------------------------------------------------------------------------------------+
; Flow Elapsed Time                                                                                                             ;
+---------------------------+--------------+-------------------------+---------------------+------------------------------------+
; Module Name               ; Elapsed Time ; Average Processors Used ; Peak Virtual Memory ; Total CPU Time (on all processors) ;
+---------------------------+--------------+-------------------------+---------------------+------------------------------------+
; Analysis & Synthesis      ; 00:00:02     ; 1.0                     ; 339 MB              ; 00:00:02                           ;
; Fitter                    ; 00:00:21     ; 1.0                     ; 616 MB              ; 00:00:21                           ;
; Assembler                 ; 00:00:08     ; 1.0                     ; 341 MB              ; 00:00:08                           ;
; TimeQuest Timing Analyzer ; 00:00:05     ; 1.0                     ; 412 MB              ; 00:00:04                           ;
; Total                     ; 00:00:36     ; --                      ; --                  ; 00:00:35                           ;
+---------------------------+--------------+-------------------------+---------------------+------------------------------------+


+-----------------------------------------------------------------------------------------------------------+
; Flow OS Summary                                                                                           ;
+---------------------------+--------------------------------+----------------+------------+----------------+
; Module Name               ; Machine Hostname               ; OS Name        ; OS Version ; Processor type ;
+---------------------------+--------------------------------+----------------+------------+----------------+
; Analysis & Synthesis      ; iceb16.ice.nuie.nagoya-u.ac.jp ; CentOS release ; 6          ; x86_64         ;
; Fitter                    ; iceb16.ice.nuie.nagoya-u.ac.jp ; CentOS release ; 6          ; x86_64         ;
; Assembler                 ; iceb16.ice.nuie.nagoya-u.ac.jp ; CentOS release ; 6          ; x86_64         ;
; TimeQuest Timing Analyzer ; iceb16.ice.nuie.nagoya-u.ac.jp ; CentOS release ; 6          ; x86_64         ;
+---------------------------+--------------------------------+----------------+------------+----------------+


------------
; Flow Log ;
------------
quartus_map --read_settings_files=on --write_settings_files=off bcd2 -c bcd2
quartus_fit --read_settings_files=off --write_settings_files=off bcd2 -c bcd2
quartus_asm --read_settings_files=off --write_settings_files=off bcd2 -c bcd2
quartus_sta bcd2 -c bcd2



